<?xml version="1.0" encoding="utf-8"?>
<coverage line-rate="0.7243999999999999" branch-rate="0.5085000000000001" version="1.9" timestamp="1783865210" lines-covered="2222" lines-valid="3067" branches-covered="774" branches-valid="1522">
  <sources>
    <source>/Users/pcvantol/Documents/GitHub/djconnect-windows/src/DJConnect.Windows/</source>
  </sources>
  <packages>
    <package name="DJConnect.Tests" line-rate="0.7243999999999999" branch-rate="0.5085000000000001" complexity="2500">
      <classes>
        <class name="DJConnect.Windows.Services.ApiErrorLocalizer" filename="Services/ApiErrorLocalizer.cs" line-rate="0.5375" branch-rate="0.321" complexity="191">
          <methods>
            <method name="Pairing" signature="(System.String,System.String)" line-rate="1" branch-rate="0.25" complexity="4">
              <lines>
                <line number="10" hits="8" branch="False" />
                <line number="11" hits="8" branch="True" condition-coverage="25% (1/4)">
                  <conditions>
                    <condition number="8" type="jump" coverage="50%" />
                    <condition number="18" type="jump" coverage="0%" />
                  </conditions>
                </line>
                <line number="12" hits="8" branch="False" />
              </lines>
            </method>
            <method name="Pairing" signature="(System.Exception)" line-rate="0.3846" branch-rate="0.2857" complexity="14">
              <lines>
                <line number="15" hits="1" branch="False" />
                <line number="16" hits="1" branch="True" condition-coverage="66.66% (4/6)">
                  <conditions>
                    <condition number="7" type="jump" coverage="100%" />
                    <condition number="15" type="jump" coverage="50%" />
                    <condition number="28" type="jump" coverage="50%" />
                  </conditions>
                </line>
                <line number="17" hits="1" branch="False" />
                <line number="18" hits="1" branch="False" />
                <line number="21" hits="0" branch="False" />
                <line number="22" hits="0" branch="True" condition-coverage="0% (0/8)">
                  <conditions>
                    <condition number="63" type="jump" coverage="0%" />
                    <condition number="77" type="jump" coverage="0%" />
                    <condition number="91" type="jump" coverage="0%" />
                    <condition number="112" type="jump" coverage="0%" />
                  </conditions>
                </line>
                <line number="23" hits="0" branch="False" />
                <line number="24" hits="0" branch="False" />
                <line number="25" hits="0" branch="False" />
                <line number="26" hits="0" branch="False" />
                <line number="27" hits="0" branch="False" />
                <line number="30" hits="0" branch="False" />
                <line number="31" hits="1" branch="False" />
              </lines>
            </method>
            <method name="BackendAction" signature="(System.String,System.String)" line-rate="0.75" branch-rate="0.5" complexity="10">
              <lines>
                <line number="34" hits="3" branch="False" />
                <line number="35" hits="3" branch="True" condition-coverage="66.66% (4/6)">
                  <conditions>
                    <condition number="13" type="jump" coverage="100%" />
                    <condition number="21" type="jump" coverage="50%" />
                    <condition number="37" type="jump" coverage="50%" />
                  </conditions>
                </line>
                <line number="36" hits="3" branch="False" />
                <line number="37" hits="3" branch="False" />
                <line number="38" hits="0" branch="False" />
                <line number="39" hits="0" branch="False" />
                <line number="42" hits="3" branch="True" condition-coverage="25% (1/4)">
                  <conditions>
                    <condition number="51" type="jump" coverage="50%" />
                    <condition number="61" type="jump" coverage="0%" />
                  </conditions>
                </line>
                <line number="43" hits="3" branch="False" />
              </lines>
            </method>
            <method name="StaleAuth" signature="()" line-rate="1" branch-rate="1" complexity="1">
              <lines>
                <line number="46" hits="1" branch="False" />
                <line number="47" hits="1" branch="False" />
                <line number="48" hits="1" branch="False" />
              </lines>
            </method>
            <method name="FromApiCode" signature="(System.String)" line-rate="0.48479999999999995" branch-rate="0.31" complexity="100">
              <lines>
                <line number="51" hits="6" branch="False" />
                <line number="52" hits="6" branch="True" condition-coverage="50% (1/2)">
                  <conditions>
                    <condition number="9" type="jump" coverage="50%" />
                  </conditions>
                </line>
                <line number="53" hits="0" branch="False" />
                <line number="54" hits="0" branch="False" />
                <line number="57" hits="6" branch="False" />
                <line number="58" hits="6" branch="True" condition-coverage="30.85% (29/94)">
                  <conditions>
                    <condition number="54" type="jump" coverage="100%" />
                    <condition number="66" type="jump" coverage="50%" />
                    <condition number="75" type="jump" coverage="100%" />
                    <condition number="84" type="jump" coverage="50%" />
                    <condition number="115" type="jump" coverage="50%" />
                    <condition number="129" type="jump" coverage="0%" />
                    <condition number="160" type="jump" coverage="0%" />
                    <condition number="169" type="jump" coverage="0%" />
                    <condition number="200" type="jump" coverage="0%" />
                    <condition number="214" type="jump" coverage="0%" />
                    <condition number="245" type="jump" coverage="100%" />
                    <condition number="254" type="jump" coverage="100%" />
                    <condition number="263" type="jump" coverage="50%" />
                    <condition number="294" type="jump" coverage="50%" />
                    <condition number="308" type="jump" coverage="50%" />
                    <condition number="336" type="jump" coverage="100%" />
                    <condition number="345" type="jump" coverage="50%" />
                    <condition number="373" type="jump" coverage="50%" />
                    <condition number="387" type="jump" coverage="50%" />
                    <condition number="359" type="jump" coverage="0%" />
                    <condition number="143" type="jump" coverage="0%" />
                    <condition number="319" type="jump" coverage="50%" />
                    <condition number="401" type="jump" coverage="50%" />
                    <condition number="277" type="jump" coverage="0%" />
                    <condition number="183" type="jump" coverage="0%" />
                    <condition number="98" type="jump" coverage="0%" />
                    <condition number="228" type="jump" coverage="0%" />
                    <condition number="423" type="jump" coverage="0%" />
                    <condition number="445" type="jump" coverage="0%" />
                    <condition number="467" type="jump" coverage="0%" />
                    <condition number="489" type="jump" coverage="0%" />
                    <condition number="511" type="jump" coverage="0%" />
                    <condition number="533" type="jump" coverage="0%" />
                    <condition number="555" type="jump" coverage="50%" />
                    <condition number="577" type="jump" coverage="50%" />
                    <condition number="599" type="jump" coverage="50%" />
                    <condition number="621" type="jump" coverage="50%" />
                    <condition number="643" type="jump" coverage="50%" />
                    <condition number="665" type="jump" coverage="0%" />
                    <condition number="687" type="jump" coverage="0%" />
                    <condition number="709" type="jump" coverage="50%" />
                    <condition number="731" type="jump" coverage="0%" />
                    <condition number="753" type="jump" coverage="50%" />
                    <condition number="775" type="jump" coverage="0%" />
                    <condition number="797" type="jump" coverage="0%" />
                    <condition number="819" type="jump" coverage="50%" />
                    <condition number="841" type="jump" coverage="0%" />
                  </conditions>
                </line>
                <line number="59" hits="6" branch="False" />
                <line number="60" hits="0" branch="False" />
                <line number="61" hits="0" branch="False" />
                <line number="62" hits="0" branch="False" />
                <line number="63" hits="0" branch="False" />
                <line number="64" hits="1" branch="False" />
                <line number="65" hits="1" branch="False" />
                <line number="66" hits="1" branch="False" />
                <line number="67" hits="0" branch="False" />
                <line number="68" hits="0" branch="False" />
                <line number="69" hits="1" branch="False" />
                <line number="70" hits="0" branch="False" />
                <line number="71" hits="1" branch="False" />
                <line number="72" hits="0" branch="False" />
                <line number="73" hits="0" branch="False" />
                <line number="74" hits="1" branch="False" />
                <line number="75" hits="0" branch="False" />
                <line number="76" hits="0" branch="False" />
                <line number="77" hits="6" branch="False" />
                <line number="79" hits="6" branch="True" condition-coverage="50% (1/2)">
                  <conditions>
                    <condition number="1144" type="jump" coverage="50%" />
                  </conditions>
                </line>
                <line number="80" hits="6" branch="False" />
                <line number="81" hits="6" branch="False" />
                <line number="84" hits="0" branch="True" condition-coverage="0% (0/2)">
                  <conditions>
                    <condition number="1161" type="jump" coverage="0%" />
                  </conditions>
                </line>
                <line number="85" hits="0" branch="False" />
                <line number="86" hits="0" branch="False" />
                <line number="89" hits="0" branch="False" />
                <line number="90" hits="6" branch="False" />
              </lines>
            </method>
            <method name="FromPairingCode" signature="(System.String)" line-rate="0.5882000000000001" branch-rate="0.3448" complexity="58">
              <lines>
                <line number="93" hits="8" branch="False" />
                <line number="94" hits="8" branch="True" condition-coverage="50% (1/2)">
                  <conditions>
                    <condition number="9" type="jump" coverage="50%" />
                  </conditions>
                </line>
                <line number="95" hits="0" branch="False" />
                <line number="96" hits="0" branch="False" />
                <line number="99" hits="8" branch="False" />
                <line number="100" hits="8" branch="True" condition-coverage="35.18% (19/54)">
                  <conditions>
                    <condition number="54" type="jump" coverage="100%" />
                    <condition number="63" type="jump" coverage="100%" />
                    <condition number="72" type="jump" coverage="50%" />
                    <condition number="86" type="jump" coverage="50%" />
                    <condition number="117" type="jump" coverage="100%" />
                    <condition number="131" type="jump" coverage="50%" />
                    <condition number="159" type="jump" coverage="50%" />
                    <condition number="168" type="jump" coverage="50%" />
                    <condition number="179" type="jump" coverage="0%" />
                    <condition number="210" type="jump" coverage="0%" />
                    <condition number="224" type="jump" coverage="0%" />
                    <condition number="100" type="jump" coverage="50%" />
                    <condition number="145" type="jump" coverage="50%" />
                    <condition number="193" type="jump" coverage="0%" />
                    <condition number="235" type="jump" coverage="0%" />
                    <condition number="257" type="jump" coverage="50%" />
                    <condition number="279" type="jump" coverage="50%" />
                    <condition number="301" type="jump" coverage="50%" />
                    <condition number="323" type="jump" coverage="50%" />
                    <condition number="345" type="jump" coverage="50%" />
                    <condition number="367" type="jump" coverage="50%" />
                    <condition number="389" type="jump" coverage="0%" />
                    <condition number="411" type="jump" coverage="0%" />
                    <condition number="433" type="jump" coverage="0%" />
                    <condition number="452" type="jump" coverage="0%" />
                    <condition number="468" type="jump" coverage="0%" />
                    <condition number="484" type="jump" coverage="0%" />
                  </conditions>
                </line>
                <line number="101" hits="8" branch="False" />
                <line number="102" hits="2" branch="False" />
                <line number="103" hits="2" branch="False" />
                <line number="104" hits="4" branch="False" />
                <line number="105" hits="0" branch="False" />
                <line number="106" hits="0" branch="False" />
                <line number="107" hits="0" branch="True" condition-coverage="0% (0/2)">
                  <conditions>
                    <condition number="587" type="jump" coverage="0%" />
                  </conditions>
                </line>
                <line number="108" hits="0" branch="False" />
                <line number="109" hits="0" branch="False" />
                <line number="110" hits="8" branch="False" />
                <line number="111" hits="8" branch="False" />
              </lines>
            </method>
            <method name="LooksLikeBackendCode" signature="(System.String)" line-rate="0" branch-rate="0" complexity="4">
              <lines>
                <line number="114" hits="0" branch="False" />
                <line number="115" hits="0" branch="True" condition-coverage="0% (0/4)">
                  <conditions>
                    <condition number="6" type="jump" coverage="0%" />
                    <condition number="14" type="jump" coverage="0%" />
                  </conditions>
                </line>
                <line number="116" hits="0" branch="False" />
              </lines>
            </method>
          </methods>
          <lines>
            <line number="10" hits="8" branch="False" />
            <line number="11" hits="8" branch="True" condition-coverage="25% (1/4)">
              <conditions>
                <condition number="8" type="jump" coverage="50%" />
                <condition number="18" type="jump" coverage="0%" />
              </conditions>
            </line>
            <line number="12" hits="8" branch="False" />
            <line number="15" hits="1" branch="False" />
            <line number="16" hits="1" branch="True" condition-coverage="66.66% (4/6)">
              <conditions>
                <condition number="7" type="jump" coverage="100%" />
                <condition number="15" type="jump" coverage="50%" />
                <condition number="28" type="jump" coverage="50%" />
              </conditions>
            </line>
            <line number="17" hits="1" branch="False" />
            <line number="18" hits="1" branch="False" />
            <line number="21" hits="0" branch="False" />
            <line number="22" hits="0" branch="True" condition-coverage="0% (0/8)">
              <conditions>
                <condition number="63" type="jump" coverage="0%" />
                <condition number="77" type="jump" coverage="0%" />
                <condition number="91" type="jump" coverage="0%" />
                <condition number="112" type="jump" coverage="0%" />
              </conditions>
            </line>
            <line number="23" hits="0" branch="False" />
            <line number="24" hits="0" branch="False" />
            <line number="25" hits="0" branch="False" />
            <line number="26" hits="0" branch="False" />
            <line number="27" hits="0" branch="False" />
            <line number="30" hits="0" branch="False" />
            <line number="31" hits="1" branch="False" />
            <line number="34" hits="3" branch="False" />
            <line number="35" hits="3" branch="True" condition-coverage="66.66% (4/6)">
              <conditions>
                <condition number="13" type="jump" coverage="100%" />
                <condition number="21" type="jump" coverage="50%" />
                <condition number="37" type="jump" coverage="50%" />
              </conditions>
            </line>
            <line number="36" hits="3" branch="False" />
            <line number="37" hits="3" branch="False" />
            <line number="38" hits="0" branch="False" />
            <line number="39" hits="0" branch="False" />
            <line number="42" hits="3" branch="True" condition-coverage="25% (1/4)">
              <conditions>
                <condition number="51" type="jump" coverage="50%" />
                <condition number="61" type="jump" coverage="0%" />
              </conditions>
            </line>
            <line number="43" hits="3" branch="False" />
            <line number="46" hits="1" branch="False" />
            <line number="47" hits="1" branch="False" />
            <line number="48" hits="1" branch="False" />
            <line number="51" hits="6" branch="False" />
            <line number="52" hits="6" branch="True" condition-coverage="50% (1/2)">
              <conditions>
                <condition number="9" type="jump" coverage="50%" />
              </conditions>
            </line>
            <line number="53" hits="0" branch="False" />
            <line number="54" hits="0" branch="False" />
            <line number="57" hits="6" branch="False" />
            <line number="58" hits="6" branch="True" condition-coverage="30.85% (29/94)">
              <conditions>
                <condition number="54" type="jump" coverage="100%" />
                <condition number="66" type="jump" coverage="50%" />
                <condition number="75" type="jump" coverage="100%" />
                <condition number="84" type="jump" coverage="50%" />
                <condition number="115" type="jump" coverage="50%" />
                <condition number="129" type="jump" coverage="0%" />
                <condition number="160" type="jump" coverage="0%" />
                <condition number="169" type="jump" coverage="0%" />
                <condition number="200" type="jump" coverage="0%" />
                <condition number="214" type="jump" coverage="0%" />
                <condition number="245" type="jump" coverage="100%" />
                <condition number="254" type="jump" coverage="100%" />
                <condition number="263" type="jump" coverage="50%" />
                <condition number="294" type="jump" coverage="50%" />
                <condition number="308" type="jump" coverage="50%" />
                <condition number="336" type="jump" coverage="100%" />
                <condition number="345" type="jump" coverage="50%" />
                <condition number="373" type="jump" coverage="50%" />
                <condition number="387" type="jump" coverage="50%" />
                <condition number="359" type="jump" coverage="0%" />
                <condition number="143" type="jump" coverage="0%" />
                <condition number="319" type="jump" coverage="50%" />
                <condition number="401" type="jump" coverage="50%" />
                <condition number="277" type="jump" coverage="0%" />
                <condition number="183" type="jump" coverage="0%" />
                <condition number="98" type="jump" coverage="0%" />
                <condition number="228" type="jump" coverage="0%" />
                <condition number="423" type="jump" coverage="0%" />
                <condition number="445" type="jump" coverage="0%" />
                <condition number="467" type="jump" coverage="0%" />
                <condition number="489" type="jump" coverage="0%" />
                <condition number="511" type="jump" coverage="0%" />
                <condition number="533" type="jump" coverage="0%" />
                <condition number="555" type="jump" coverage="50%" />
                <condition number="577" type="jump" coverage="50%" />
                <condition number="599" type="jump" coverage="50%" />
                <condition number="621" type="jump" coverage="50%" />
                <condition number="643" type="jump" coverage="50%" />
                <condition number="665" type="jump" coverage="0%" />
                <condition number="687" type="jump" coverage="0%" />
                <condition number="709" type="jump" coverage="50%" />
                <condition number="731" type="jump" coverage="0%" />
                <condition number="753" type="jump" coverage="50%" />
                <condition number="775" type="jump" coverage="0%" />
                <condition number="797" type="jump" coverage="0%" />
                <condition number="819" type="jump" coverage="50%" />
                <condition number="841" type="jump" coverage="0%" />
              </conditions>
            </line>
            <line number="59" hits="6" branch="False" />
            <line number="60" hits="0" branch="False" />
            <line number="61" hits="0" branch="False" />
            <line number="62" hits="0" branch="False" />
            <line number="63" hits="0" branch="False" />
            <line number="64" hits="1" branch="False" />
            <line number="65" hits="1" branch="False" />
            <line number="66" hits="1" branch="False" />
            <line number="67" hits="0" branch="False" />
            <line number="68" hits="0" branch="False" />
            <line number="69" hits="1" branch="False" />
            <line number="70" hits="0" branch="False" />
            <line number="71" hits="1" branch="False" />
            <line number="72" hits="0" branch="False" />
            <line number="73" hits="0" branch="False" />
            <line number="74" hits="1" branch="False" />
            <line number="75" hits="0" branch="False" />
            <line number="76" hits="0" branch="False" />
            <line number="77" hits="6" branch="False" />
            <line number="79" hits="6" branch="True" condition-coverage="50% (1/2)">
              <conditions>
                <condition number="1144" type="jump" coverage="50%" />
              </conditions>
            </line>
            <line number="80" hits="6" branch="False" />
            <line number="81" hits="6" branch="False" />
            <line number="84" hits="0" branch="True" condition-coverage="0% (0/2)">
              <conditions>
                <condition number="1161" type="jump" coverage="0%" />
              </conditions>
            </line>
            <line number="85" hits="0" branch="False" />
            <line number="86" hits="0" branch="False" />
            <line number="89" hits="0" branch="False" />
            <line number="90" hits="6" branch="False" />
            <line number="93" hits="8" branch="False" />
            <line number="94" hits="8" branch="True" condition-coverage="50% (1/2)">
              <conditions>
                <condition number="9" type="jump" coverage="50%" />
              </conditions>
            </line>
            <line number="95" hits="0" branch="False" />
            <line number="96" hits="0" branch="False" />
            <line number="99" hits="8" branch="False" />
            <line number="100" hits="8" branch="True" condition-coverage="35.18% (19/54)">
              <conditions>
                <condition number="54" type="jump" coverage="100%" />
                <condition number="63" type="jump" coverage="100%" />
                <condition number="72" type="jump" coverage="50%" />
                <condition number="86" type="jump" coverage="50%" />
                <condition number="117" type="jump" coverage="100%" />
                <condition number="131" type="jump" coverage="50%" />
                <condition number="159" type="jump" coverage="50%" />
                <condition number="168" type="jump" coverage="50%" />
                <condition number="179" type="jump" coverage="0%" />
                <condition number="210" type="jump" coverage="0%" />
                <condition number="224" type="jump" coverage="0%" />
                <condition number="100" type="jump" coverage="50%" />
                <condition number="145" type="jump" coverage="50%" />
                <condition number="193" type="jump" coverage="0%" />
                <condition number="235" type="jump" coverage="0%" />
                <condition number="257" type="jump" coverage="50%" />
                <condition number="279" type="jump" coverage="50%" />
                <condition number="301" type="jump" coverage="50%" />
                <condition number="323" type="jump" coverage="50%" />
                <condition number="345" type="jump" coverage="50%" />
                <condition number="367" type="jump" coverage="50%" />
                <condition number="389" type="jump" coverage="0%" />
                <condition number="411" type="jump" coverage="0%" />
                <condition number="433" type="jump" coverage="0%" />
                <condition number="452" type="jump" coverage="0%" />
                <condition number="468" type="jump" coverage="0%" />
                <condition number="484" type="jump" coverage="0%" />
              </conditions>
            </line>
            <line number="101" hits="8" branch="False" />
            <line number="102" hits="2" branch="False" />
            <line number="103" hits="2" branch="False" />
            <line number="104" hits="4" branch="False" />
            <line number="105" hits="0" branch="False" />
            <line number="106" hits="0" branch="False" />
            <line number="107" hits="0" branch="True" condition-coverage="0% (0/2)">
              <conditions>
                <condition number="587" type="jump" coverage="0%" />
              </conditions>
            </line>
            <line number="108" hits="0" branch="False" />
            <line number="109" hits="0" branch="False" />
            <line number="110" hits="8" branch="False" />
            <line number="111" hits="8" branch="False" />
            <line number="114" hits="0" branch="False" />
            <line number="115" hits="0" branch="True" condition-coverage="0% (0/4)">
              <conditions>
                <condition number="6" type="jump" coverage="0%" />
                <condition number="14" type="jump" coverage="0%" />
              </conditions>
            </line>
            <line number="116" hits="0" branch="False" />
          </lines>
        </class>
        <class name="DJConnect.Windows.Services.DJConnectApiClient" filename="Services/DJConnectApiClient.cs" line-rate="0.7605" branch-rate="0.5468" complexity="136">
          <methods>
            <method name="get_FastPathDiagnostics" signature="()" line-rate="1" branch-rate="1" complexity="1">
              <lines>
                <line number="46" hits="5" branch="False" />
              </lines>
            </method>
            <method name="Configure" signature="(System.String,System.String,System.Boolean,System.String)" line-rate="1" branch-rate="1" complexity="1">
              <lines>
                <line number="53" hits="29" branch="False" />
                <line number="54" hits="29" branch="False" />
                <line number="55" hits="29" branch="False" />
                <line number="56" hits="29" branch="False" />
                <line number="57" hits="29" branch="False" />
                <line number="58" hits="29" branch="False" />
                <line number="59" hits="29" branch="False" />
              </lines>
            </method>
            <method name="Configure" signature="(DJConnect.Windows.Services.DJConnectClientConfiguration)" line-rate="1" branch-rate="0.8332999999999999" complexity="12">
              <lines>
                <line number="62" hits="30" branch="False" />
                <line number="63" hits="30" branch="False" />
                <line number="64" hits="30" branch="False" />
                <line number="65" hits="30" branch="True" condition-coverage="100% (6/6)">
                  <conditions>
                    <condition number="39" type="jump" coverage="100%" />
                    <condition number="52" type="jump" coverage="100%" />
                    <condition number="65" type="jump" coverage="100%" />
                  </conditions>
                </line>
                <line number="66" hits="30" branch="False" />
                <line number="67" hits="30" branch="False" />
                <line number="68" hits="30" branch="False" />
                <line number="69" hits="30" branch="False" />
                <line number="70" hits="30" branch="True" condition-coverage="50% (1/2)">
                  <conditions>
                    <condition number="151" type="jump" coverage="50%" />
                  </conditions>
                </line>
                <line number="71" hits="30" branch="False" />
                <line number="72" hits="30" branch="False" />
                <line number="73" hits="30" branch="False" />
                <line number="74" hits="30" branch="True" condition-coverage="75% (3/4)">
                  <conditions>
                    <condition number="211" type="jump" coverage="50%" />
                    <condition number="232" type="jump" coverage="100%" />
                  </conditions>
                </line>
                <line number="75" hits="1" branch="False" />
                <line number="76" hits="1" branch="False" />
                <line number="77" hits="1" branch="False" />
                <line number="79" hits="30" branch="False" />
                <line number="80" hits="30" branch="False" />
              </lines>
            </method>
            <method name="ApiRoute" signature="(System.String)" line-rate="1" branch-rate="1" complexity="1">
              <lines>
                <line number="363" hits="19" branch="False" />
                <line number="364" hits="19" branch="False" />
                <line number="365" hits="19" branch="False" />
              </lines>
            </method>
            <method name="BuildCommandPayload" signature="(DJConnect.Windows.Models.ClientIdentity,System.String,System.Object,System.String,System.String,System.Nullable`1&lt;System.Int32&gt;,System.Nullable`1&lt;DJConnect.Windows.Models.DJAnnouncementOutput&gt;)" line-rate="1" branch-rate="1" complexity="6">
              <lines>
                <line number="368" hits="14" branch="False" />
                <line number="369" hits="14" branch="True" condition-coverage="100% (2/2)">
                  <conditions>
                    <condition number="31" type="jump" coverage="100%" />
                  </conditions>
                </line>
                <line number="370" hits="14" branch="False" />
                <line number="371" hits="14" branch="False" />
                <line number="372" hits="14" branch="False" />
                <line number="373" hits="14" branch="False" />
                <line number="374" hits="14" branch="False" />
                <line number="375" hits="14" branch="False" />
                <line number="376" hits="14" branch="False" />
                <line number="377" hits="14" branch="False" />
                <line number="378" hits="14" branch="False" />
                <line number="379" hits="14" branch="False" />
                <line number="381" hits="14" branch="False" />
                <line number="382" hits="14" branch="False" />
                <line number="383" hits="14" branch="True" condition-coverage="100% (2/2)">
                  <conditions>
                    <condition number="195" type="jump" coverage="100%" />
                  </conditions>
                </line>
                <line number="384" hits="1" branch="False" />
                <line number="385" hits="1" branch="False" />
                <line number="386" hits="1" branch="False" />
                <line number="388" hits="14" branch="True" condition-coverage="100% (2/2)">
                  <conditions>
                    <condition number="229" type="jump" coverage="100%" />
                  </conditions>
                </line>
                <line number="389" hits="3" branch="False" />
                <line number="390" hits="3" branch="False" />
                <line number="391" hits="3" branch="False" />
                <line number="393" hits="14" branch="False" />
                <line number="394" hits="14" branch="False" />
              </lines>
            </method>
            <method name="CommandTimeoutSeconds" signature="(System.String)" line-rate="1" branch-rate="0.5" complexity="10">
              <lines>
                <line number="397" hits="6" branch="False" />
                <line number="398" hits="6" branch="True" condition-coverage="50% (5/10)">
                  <conditions>
                    <condition number="12" type="jump" coverage="50%" />
                    <condition number="25" type="jump" coverage="50%" />
                    <condition number="38" type="jump" coverage="50%" />
                    <condition number="51" type="jump" coverage="50%" />
                    <condition number="62" type="jump" coverage="50%" />
                  </conditions>
                </line>
                <line number="399" hits="6" branch="False" />
              </lines>
            </method>
            <method name="IsLocalHttpUrl" signature="(System.String)" line-rate="0.75" branch-rate="0.85" complexity="20">
              <lines>
                <line number="402" hits="19" branch="False" />
                <line number="403" hits="19" branch="True" condition-coverage="50% (1/2)">
                  <conditions>
                    <condition number="15" type="jump" coverage="50%" />
                  </conditions>
                </line>
                <line number="404" hits="0" branch="False" />
                <line number="405" hits="0" branch="False" />
                <line number="408" hits="19" branch="True" condition-coverage="66.66% (4/6)">
                  <conditions>
                    <condition number="45" type="jump" coverage="100%" />
                    <condition number="59" type="jump" coverage="50%" />
                    <condition number="80" type="jump" coverage="50%" />
                  </conditions>
                </line>
                <line number="409" hits="0" branch="False" />
                <line number="410" hits="0" branch="False" />
                <line number="413" hits="19" branch="False" />
                <line number="414" hits="19" branch="True" condition-coverage="100% (12/12)">
                  <conditions>
                    <condition number="106" type="jump" coverage="100%" />
                    <condition number="120" type="jump" coverage="100%" />
                    <condition number="134" type="jump" coverage="100%" />
                    <condition number="148" type="jump" coverage="100%" />
                    <condition number="162" type="jump" coverage="100%" />
                    <condition number="176" type="jump" coverage="100%" />
                  </conditions>
                </line>
                <line number="415" hits="19" branch="False" />
                <line number="416" hits="19" branch="False" />
                <line number="417" hits="19" branch="False" />
                <line number="418" hits="19" branch="False" />
                <line number="419" hits="19" branch="False" />
                <line number="420" hits="19" branch="False" />
                <line number="421" hits="19" branch="False" />
              </lines>
            </method>
            <method name="IsPrivate172" signature="(System.String)" line-rate="1" branch-rate="0.6666" complexity="6">
              <lines>
                <line number="424" hits="1" branch="False" />
                <line number="425" hits="1" branch="False" />
                <line number="426" hits="1" branch="True" condition-coverage="66.66% (4/6)">
                  <conditions>
                    <condition number="15" type="jump" coverage="100%" />
                    <condition number="30" type="jump" coverage="50%" />
                    <condition number="42" type="jump" coverage="50%" />
                  </conditions>
                </line>
                <line number="427" hits="1" branch="False" />
                <line number="428" hits="1" branch="False" />
                <line number="429" hits="1" branch="False" />
                <line number="430" hits="1" branch="False" />
              </lines>
            </method>
            <method name="BuildStatusPayload" signature="(DJConnect.Windows.Models.ClientIdentity,System.String,System.Nullable`1&lt;System.Int32&gt;)" line-rate="1" branch-rate="1" complexity="1">
              <lines>
                <line number="433" hits="8" branch="False" />
                <line number="434" hits="8" branch="False" />
                <line number="435" hits="8" branch="False" />
                <line number="436" hits="8" branch="False" />
                <line number="437" hits="8" branch="False" />
                <line number="438" hits="8" branch="False" />
                <line number="439" hits="8" branch="False" />
                <line number="440" hits="8" branch="False" />
                <line number="441" hits="8" branch="False" />
                <line number="442" hits="8" branch="False" />
                <line number="443" hits="8" branch="False" />
                <line number="444" hits="8" branch="False" />
                <line number="445" hits="8" branch="False" />
                <line number="446" hits="8" branch="False" />
                <line number="447" hits="8" branch="False" />
              </lines>
            </method>
            <method name="BuildActionCommandPayload" signature="(DJConnect.Windows.Models.ClientIdentity,System.String,System.Object,System.String,System.String,System.Nullable`1&lt;System.Int32&gt;,System.Nullable`1&lt;DJConnect.Windows.Models.DJAnnouncementOutput&gt;)" line-rate="1" branch-rate="0.8332999999999999" complexity="6">
              <lines>
                <line number="450" hits="2" branch="False" />
                <line number="451" hits="2" branch="False" />
                <line number="452" hits="2" branch="True" condition-coverage="50% (1/2)">
                  <conditions>
                    <condition number="23" type="jump" coverage="50%" />
                  </conditions>
                </line>
                <line number="453" hits="2" branch="False" />
                <line number="454" hits="2" branch="False" />
                <line number="455" hits="2" branch="False" />
                <line number="457" hits="2" branch="True" condition-coverage="100% (4/4)">
                  <conditions>
                    <condition number="48" type="jump" coverage="100%" />
                    <condition number="70" type="jump" coverage="100%" />
                  </conditions>
                </line>
                <line number="458" hits="1" branch="False" />
                <line number="459" hits="1" branch="False" />
                <line number="460" hits="1" branch="False" />
                <line number="462" hits="2" branch="False" />
                <line number="463" hits="2" branch="False" />
              </lines>
            </method>
            <method name="MusicDiscoveryQuery" signature="(DJConnect.Windows.Models.MusicDiscoveryRequest)" line-rate="1" branch-rate="0.5" complexity="6">
              <lines>
                <line number="550" hits="2" branch="False" />
                <line number="551" hits="2" branch="True" condition-coverage="50% (2/4)">
                  <conditions>
                    <condition number="135" type="jump" coverage="50%" />
                    <condition number="241" type="jump" coverage="50%" />
                  </conditions>
                </line>
                <line number="552" hits="2" branch="False" />
                <line number="553" hits="2" branch="False" />
                <line number="554" hits="2" branch="False" />
                <line number="555" hits="2" branch="False" />
                <line number="556" hits="2" branch="False" />
                <line number="557" hits="2" branch="False" />
                <line number="558" hits="2" branch="False" />
                <line number="559" hits="2" branch="False" />
                <line number="560" hits="2" branch="False" />
                <line number="561" hits="2" branch="False" />
                <line number="562" hits="2" branch="False" />
                <line number="563" hits="2" branch="False" />
                <line number="564" hits="2" branch="False" />
                <line number="565" hits="2" branch="False" />
                <line number="566" hits="2" branch="False" />
                <line number="567" hits="24" branch="False" />
                <line number="568" hits="23" branch="False" />
                <line number="569" hits="2" branch="True" condition-coverage="50% (1/2)">
                  <conditions>
                    <condition number="381" type="jump" coverage="50%" />
                  </conditions>
                </line>
                <line number="570" hits="2" branch="False" />
              </lines>
            </method>
            <method name="AddLanguage" signature="(System.Collections.Generic.Dictionary`2&lt;System.String,System.Object&gt;,System.String)" line-rate="1" branch-rate="1" complexity="2">
              <lines>
                <line number="573" hits="22" branch="False" />
                <line number="574" hits="22" branch="True" condition-coverage="100% (2/2)">
                  <conditions>
                    <condition number="9" type="jump" coverage="100%" />
                  </conditions>
                </line>
                <line number="575" hits="19" branch="False" />
                <line number="576" hits="19" branch="False" />
                <line number="579" hits="3" branch="False" />
                <line number="580" hits="3" branch="False" />
                <line number="581" hits="3" branch="False" />
                <line number="582" hits="22" branch="False" />
              </lines>
            </method>
            <method name="AddMood" signature="(System.Collections.Generic.Dictionary`2&lt;System.String,System.Object&gt;,System.Nullable`1&lt;System.Int32&gt;)" line-rate="1" branch-rate="1" complexity="6">
              <lines>
                <line number="585" hits="22" branch="False" />
                <line number="586" hits="22" branch="True" condition-coverage="100% (6/6)">
                  <conditions>
                    <condition number="8" type="jump" coverage="100%" />
                    <condition number="20" type="jump" coverage="100%" />
                    <condition number="35" type="jump" coverage="100%" />
                  </conditions>
                </line>
                <line number="587" hits="2" branch="False" />
                <line number="588" hits="2" branch="False" />
                <line number="589" hits="2" branch="False" />
                <line number="590" hits="22" branch="False" />
              </lines>
            </method>
            <method name="AddProfileContext" signature="(System.Collections.Generic.Dictionary`2&lt;System.String,System.Object&gt;,System.String,System.String,System.Nullable`1&lt;System.Boolean&gt;,System.String)" line-rate="0" branch-rate="0" complexity="8">
              <lines>
                <line number="598" hits="0" branch="False" />
                <line number="599" hits="0" branch="True" condition-coverage="0% (0/2)">
                  <conditions>
                    <condition number="12" type="jump" coverage="0%" />
                  </conditions>
                </line>
                <line number="600" hits="0" branch="False" />
                <line number="601" hits="0" branch="False" />
                <line number="602" hits="0" branch="False" />
                <line number="604" hits="0" branch="True" condition-coverage="0% (0/2)">
                  <conditions>
                    <condition number="40" type="jump" coverage="0%" />
                  </conditions>
                </line>
                <line number="605" hits="0" branch="False" />
                <line number="606" hits="0" branch="False" />
                <line number="607" hits="0" branch="False" />
                <line number="609" hits="0" branch="True" condition-coverage="0% (0/2)">
                  <conditions>
                    <condition number="66" type="jump" coverage="0%" />
                  </conditions>
                </line>
                <line number="610" hits="0" branch="False" />
                <line number="611" hits="0" branch="False" />
                <line number="612" hits="0" branch="False" />
                <line number="614" hits="0" branch="True" condition-coverage="0% (0/2)">
                  <conditions>
                    <condition number="106" type="jump" coverage="0%" />
                  </conditions>
                </line>
                <line number="615" hits="0" branch="False" />
                <line number="616" hits="0" branch="False" />
                <line number="617" hits="0" branch="False" />
                <line number="618" hits="0" branch="False" />
              </lines>
            </method>
            <method name="AddMultipartProfileContext" signature="(System.Net.Http.MultipartFormDataContent,System.String,System.String,System.Nullable`1&lt;System.Boolean&gt;,System.String)" line-rate="0.6" branch-rate="0.5" complexity="8">
              <lines>
                <line number="626" hits="1" branch="False" />
                <line number="627" hits="1" branch="True" condition-coverage="50% (1/2)">
                  <conditions>
                    <condition number="12" type="jump" coverage="50%" />
                  </conditions>
                </line>
                <line number="628" hits="0" branch="False" />
                <line number="629" hits="0" branch="False" />
                <line number="630" hits="0" branch="False" />
                <line number="632" hits="1" branch="True" condition-coverage="50% (1/2)">
                  <conditions>
                    <condition number="45" type="jump" coverage="50%" />
                  </conditions>
                </line>
                <line number="633" hits="0" branch="False" />
                <line number="634" hits="0" branch="False" />
                <line number="635" hits="0" branch="False" />
                <line number="637" hits="1" branch="True" condition-coverage="50% (1/2)">
                  <conditions>
                    <condition number="76" type="jump" coverage="50%" />
                  </conditions>
                </line>
                <line number="638" hits="1" branch="False" />
                <line number="639" hits="1" branch="True" condition-coverage="50% (1/2)">
                  <conditions>
                    <condition number="87" type="jump" coverage="50%" />
                  </conditions>
                </line>
                <line number="640" hits="1" branch="False" />
                <line number="642" hits="1" branch="False" />
                <line number="643" hits="1" branch="False" />
              </lines>
            </method>
            <method name="ApplyRequestContext" signature="(System.String,System.Nullable`1&lt;System.Int32&gt;)" line-rate="1" branch-rate="1" complexity="8">
              <lines>
                <line number="646" hits="25" branch="False" />
                <line number="647" hits="25" branch="False" />
                <line number="648" hits="25" branch="False" />
                <line number="649" hits="25" branch="False" />
                <line number="650" hits="25" branch="False" />
                <line number="652" hits="25" branch="True" condition-coverage="100% (2/2)">
                  <conditions>
                    <condition number="100" type="jump" coverage="100%" />
                  </conditions>
                </line>
                <line number="653" hits="16" branch="False" />
                <line number="654" hits="16" branch="False" />
                <line number="655" hits="16" branch="False" />
                <line number="656" hits="16" branch="False" />
                <line number="657" hits="16" branch="False" />
                <line number="658" hits="16" branch="False" />
                <line number="660" hits="25" branch="True" condition-coverage="100% (6/6)">
                  <conditions>
                    <condition number="187" type="jump" coverage="100%" />
                    <condition number="199" type="jump" coverage="100%" />
                    <condition number="214" type="jump" coverage="100%" />
                  </conditions>
                </line>
                <line number="661" hits="17" branch="False" />
                <line number="662" hits="17" branch="False" />
                <line number="663" hits="17" branch="False" />
                <line number="664" hits="25" branch="False" />
              </lines>
            </method>
            <method name="DefaultCommandFor" signature="(DJConnect.Windows.Models.PlaybackAction)" line-rate="0" branch-rate="0" complexity="6">
              <lines>
                <line number="667" hits="0" branch="False" />
                <line number="668" hits="0" branch="True" condition-coverage="0% (0/2)">
                  <conditions>
                    <condition number="9" type="jump" coverage="0%" />
                  </conditions>
                </line>
                <line number="669" hits="0" branch="False" />
                <line number="670" hits="0" branch="False" />
                <line number="673" hits="0" branch="True" condition-coverage="0% (0/2)">
                  <conditions>
                    <condition number="28" type="jump" coverage="0%" />
                  </conditions>
                </line>
                <line number="674" hits="0" branch="False" />
                <line number="675" hits="0" branch="False" />
                <line number="678" hits="0" branch="True" condition-coverage="0% (0/2)">
                  <conditions>
                    <condition number="50" type="jump" coverage="0%" />
                  </conditions>
                </line>
                <line number="679" hits="0" branch="False" />
              </lines>
            </method>
            <method name="ActionValueFor" signature="(DJConnect.Windows.Models.PlaybackAction)" line-rate="0" branch-rate="0" complexity="6">
              <lines>
                <line number="682" hits="0" branch="False" />
                <line number="683" hits="0" branch="True" condition-coverage="0% (0/6)">
                  <conditions>
                    <condition number="7" type="jump" coverage="0%" />
                    <condition number="15" type="jump" coverage="0%" />
                    <condition number="24" type="jump" coverage="0%" />
                  </conditions>
                </line>
                <line number="684" hits="0" branch="False" />
                <line number="685" hits="0" branch="False" />
                <line number="686" hits="0" branch="False" />
              </lines>
            </method>
            <method name="ActionTextFor" signature="(DJConnect.Windows.Models.PlaybackAction)" line-rate="0" branch-rate="0" complexity="18">
              <lines>
                <line number="689" hits="0" branch="False" />
                <line number="690" hits="0" branch="True" condition-coverage="0% (0/4)">
                  <conditions>
                    <condition number="14" type="jump" coverage="0%" />
                    <condition number="29" type="jump" coverage="0%" />
                  </conditions>
                </line>
                <line number="691" hits="0" branch="False" />
                <line number="692" hits="0" branch="True" condition-coverage="0% (0/2)">
                  <conditions>
                    <condition number="47" type="jump" coverage="0%" />
                  </conditions>
                </line>
                <line number="693" hits="0" branch="False" />
                <line number="694" hits="0" branch="True" condition-coverage="0% (0/4)">
                  <conditions>
                    <condition number="64" type="jump" coverage="0%" />
                    <condition number="83" type="jump" coverage="0%" />
                  </conditions>
                </line>
                <line number="695" hits="0" branch="False" />
                <line number="696" hits="0" branch="False" />
                <line number="699" hits="0" branch="True" condition-coverage="0% (0/4)">
                  <conditions>
                    <condition number="111" type="jump" coverage="0%" />
                    <condition number="130" type="jump" coverage="0%" />
                  </conditions>
                </line>
                <line number="700" hits="0" branch="False" />
                <line number="701" hits="0" branch="False" />
                <line number="703" hits="0" branch="False" />
                <line number="705" hits="0" branch="True" condition-coverage="0% (0/2)">
                  <conditions>
                    <condition number="153" type="jump" coverage="0%" />
                  </conditions>
                </line>
                <line number="708" hits="0" branch="True" condition-coverage="0% (0/2)">
                  <conditions>
                    <condition number="176" type="jump" coverage="0%" />
                  </conditions>
                </line>
                <line number="709" hits="0" branch="False" />
              </lines>
            </method>
            <method name=".ctor" signature="(System.Net.Http.HttpClient)" line-rate="1" branch-rate="1" complexity="1">
              <lines>
                <line number="26" hits="4" branch="False" />
                <line number="27" hits="4" branch="False" />
                <line number="28" hits="4" branch="False" />
              </lines>
            </method>
            <method name=".ctor" signature="(System.Net.Http.HttpClient,DJConnect.Windows.Services.IDJConnectWebSocketFastPath)" line-rate="1" branch-rate="1" complexity="1">
              <lines>
                <line number="31" hits="26" branch="False" />
                <line number="32" hits="26" branch="False" />
                <line number="33" hits="26" branch="False" />
              </lines>
            </method>
            <method name=".ctor" signature="(System.Net.Http.HttpClient,DJConnect.Windows.Services.IDJConnectWebSocketFastPath,DJConnect.Windows.Services.DJConnectWebSocketPayloadFactory)" line-rate="1" branch-rate="1" complexity="1">
              <lines>
                <line number="21" hits="30" branch="False" />
                <line number="35" hits="30" branch="False" />
                <line number="36" hits="30" branch="False" />
                <line number="37" hits="30" branch="False" />
                <line number="38" hits="30" branch="False" />
                <line number="39" hits="30" branch="False" />
                <line number="40" hits="30" branch="False" />
                <line number="41" hits="30" branch="False" />
                <line number="42" hits="30" branch="False" />
                <line number="43" hits="30" branch="False" />
                <line number="44" hits="30" branch="False" />
              </lines>
            </method>
            <method name=".cctor" signature="()" line-rate="1" branch-rate="1" complexity="1">
              <lines>
                <line number="16" hits="1" branch="False" />
              </lines>
            </method>
          </methods>
          <lines>
            <line number="46" hits="5" branch="False" />
            <line number="53" hits="29" branch="False" />
            <line number="54" hits="29" branch="False" />
            <line number="55" hits="29" branch="False" />
            <line number="56" hits="29" branch="False" />
            <line number="57" hits="29" branch="False" />
            <line number="58" hits="29" branch="False" />
            <line number="59" hits="29" branch="False" />
            <line number="62" hits="30" branch="False" />
            <line number="63" hits="30" branch="False" />
            <line number="64" hits="30" branch="False" />
            <line number="65" hits="30" branch="True" condition-coverage="100% (6/6)">
              <conditions>
                <condition number="39" type="jump" coverage="100%" />
                <condition number="52" type="jump" coverage="100%" />
                <condition number="65" type="jump" coverage="100%" />
              </conditions>
            </line>
            <line number="66" hits="30" branch="False" />
            <line number="67" hits="30" branch="False" />
            <line number="68" hits="30" branch="False" />
            <line number="69" hits="30" branch="False" />
            <line number="70" hits="30" branch="True" condition-coverage="50% (1/2)">
              <conditions>
                <condition number="151" type="jump" coverage="50%" />
              </conditions>
            </line>
            <line number="71" hits="30" branch="False" />
            <line number="72" hits="30" branch="False" />
            <line number="73" hits="30" branch="False" />
            <line number="74" hits="30" branch="True" condition-coverage="75% (3/4)">
              <conditions>
                <condition number="211" type="jump" coverage="50%" />
                <condition number="232" type="jump" coverage="100%" />
              </conditions>
            </line>
            <line number="75" hits="1" branch="False" />
            <line number="76" hits="1" branch="False" />
            <line number="77" hits="1" branch="False" />
            <line number="79" hits="30" branch="False" />
            <line number="80" hits="30" branch="False" />
            <line number="363" hits="19" branch="False" />
            <line number="364" hits="19" branch="False" />
            <line number="365" hits="19" branch="False" />
            <line number="368" hits="14" branch="False" />
            <line number="369" hits="14" branch="True" condition-coverage="100% (2/2)">
              <conditions>
                <condition number="31" type="jump" coverage="100%" />
              </conditions>
            </line>
            <line number="370" hits="14" branch="False" />
            <line number="371" hits="14" branch="False" />
            <line number="372" hits="14" branch="False" />
            <line number="373" hits="14" branch="False" />
            <line number="374" hits="14" branch="False" />
            <line number="375" hits="14" branch="False" />
            <line number="376" hits="14" branch="False" />
            <line number="377" hits="14" branch="False" />
            <line number="378" hits="14" branch="False" />
            <line number="379" hits="14" branch="False" />
            <line number="381" hits="14" branch="False" />
            <line number="382" hits="14" branch="False" />
            <line number="383" hits="14" branch="True" condition-coverage="100% (2/2)">
              <conditions>
                <condition number="195" type="jump" coverage="100%" />
              </conditions>
            </line>
            <line number="384" hits="1" branch="False" />
            <line number="385" hits="1" branch="False" />
            <line number="386" hits="1" branch="False" />
            <line number="388" hits="14" branch="True" condition-coverage="100% (2/2)">
              <conditions>
                <condition number="229" type="jump" coverage="100%" />
              </conditions>
            </line>
            <line number="389" hits="3" branch="False" />
            <line number="390" hits="3" branch="False" />
            <line number="391" hits="3" branch="False" />
            <line number="393" hits="14" branch="False" />
            <line number="394" hits="14" branch="False" />
            <line number="397" hits="6" branch="False" />
            <line number="398" hits="6" branch="True" condition-coverage="50% (5/10)">
              <conditions>
                <condition number="12" type="jump" coverage="50%" />
                <condition number="25" type="jump" coverage="50%" />
                <condition number="38" type="jump" coverage="50%" />
                <condition number="51" type="jump" coverage="50%" />
                <condition number="62" type="jump" coverage="50%" />
              </conditions>
            </line>
            <line number="399" hits="6" branch="False" />
            <line number="402" hits="19" branch="False" />
            <line number="403" hits="19" branch="True" condition-coverage="50% (1/2)">
              <conditions>
                <condition number="15" type="jump" coverage="50%" />
              </conditions>
            </line>
            <line number="404" hits="0" branch="False" />
            <line number="405" hits="0" branch="False" />
            <line number="408" hits="19" branch="True" condition-coverage="66.66% (4/6)">
              <conditions>
                <condition number="45" type="jump" coverage="100%" />
                <condition number="59" type="jump" coverage="50%" />
                <condition number="80" type="jump" coverage="50%" />
              </conditions>
            </line>
            <line number="409" hits="0" branch="False" />
            <line number="410" hits="0" branch="False" />
            <line number="413" hits="19" branch="False" />
            <line number="414" hits="19" branch="True" condition-coverage="100% (12/12)">
              <conditions>
                <condition number="106" type="jump" coverage="100%" />
                <condition number="120" type="jump" coverage="100%" />
                <condition number="134" type="jump" coverage="100%" />
                <condition number="148" type="jump" coverage="100%" />
                <condition number="162" type="jump" coverage="100%" />
                <condition number="176" type="jump" coverage="100%" />
              </conditions>
            </line>
            <line number="415" hits="19" branch="False" />
            <line number="416" hits="19" branch="False" />
            <line number="417" hits="19" branch="False" />
            <line number="418" hits="19" branch="False" />
            <line number="419" hits="19" branch="False" />
            <line number="420" hits="19" branch="False" />
            <line number="421" hits="19" branch="False" />
            <line number="424" hits="1" branch="False" />
            <line number="425" hits="1" branch="False" />
            <line number="426" hits="1" branch="True" condition-coverage="66.66% (4/6)">
              <conditions>
                <condition number="15" type="jump" coverage="100%" />
                <condition number="30" type="jump" coverage="50%" />
                <condition number="42" type="jump" coverage="50%" />
              </conditions>
            </line>
            <line number="427" hits="1" branch="False" />
            <line number="428" hits="1" branch="False" />
            <line number="429" hits="1" branch="False" />
            <line number="430" hits="1" branch="False" />
            <line number="433" hits="8" branch="False" />
            <line number="434" hits="8" branch="False" />
            <line number="435" hits="8" branch="False" />
            <line number="436" hits="8" branch="False" />
            <line number="437" hits="8" branch="False" />
            <line number="438" hits="8" branch="False" />
            <line number="439" hits="8" branch="False" />
            <line number="440" hits="8" branch="False" />
            <line number="441" hits="8" branch="False" />
            <line number="442" hits="8" branch="False" />
            <line number="443" hits="8" branch="False" />
            <line number="444" hits="8" branch="False" />
            <line number="445" hits="8" branch="False" />
            <line number="446" hits="8" branch="False" />
            <line number="447" hits="8" branch="False" />
            <line number="450" hits="2" branch="False" />
            <line number="451" hits="2" branch="False" />
            <line number="452" hits="2" branch="True" condition-coverage="50% (1/2)">
              <conditions>
                <condition number="23" type="jump" coverage="50%" />
              </conditions>
            </line>
            <line number="453" hits="2" branch="False" />
            <line number="454" hits="2" branch="False" />
            <line number="455" hits="2" branch="False" />
            <line number="457" hits="2" branch="True" condition-coverage="100% (4/4)">
              <conditions>
                <condition number="48" type="jump" coverage="100%" />
                <condition number="70" type="jump" coverage="100%" />
              </conditions>
            </line>
            <line number="458" hits="1" branch="False" />
            <line number="459" hits="1" branch="False" />
            <line number="460" hits="1" branch="False" />
            <line number="462" hits="2" branch="False" />
            <line number="463" hits="2" branch="False" />
            <line number="550" hits="2" branch="False" />
            <line number="551" hits="2" branch="True" condition-coverage="50% (2/4)">
              <conditions>
                <condition number="135" type="jump" coverage="50%" />
                <condition number="241" type="jump" coverage="50%" />
              </conditions>
            </line>
            <line number="552" hits="2" branch="False" />
            <line number="553" hits="2" branch="False" />
            <line number="554" hits="2" branch="False" />
            <line number="555" hits="2" branch="False" />
            <line number="556" hits="2" branch="False" />
            <line number="557" hits="2" branch="False" />
            <line number="558" hits="2" branch="False" />
            <line number="559" hits="2" branch="False" />
            <line number="560" hits="2" branch="False" />
            <line number="561" hits="2" branch="False" />
            <line number="562" hits="2" branch="False" />
            <line number="563" hits="2" branch="False" />
            <line number="564" hits="2" branch="False" />
            <line number="565" hits="2" branch="False" />
            <line number="566" hits="2" branch="False" />
            <line number="567" hits="24" branch="False" />
            <line number="568" hits="23" branch="False" />
            <line number="569" hits="2" branch="True" condition-coverage="50% (1/2)">
              <conditions>
                <condition number="381" type="jump" coverage="50%" />
              </conditions>
            </line>
            <line number="570" hits="2" branch="False" />
            <line number="573" hits="22" branch="False" />
            <line number="574" hits="22" branch="True" condition-coverage="100% (2/2)">
              <conditions>
                <condition number="9" type="jump" coverage="100%" />
              </conditions>
            </line>
            <line number="575" hits="19" branch="False" />
            <line number="576" hits="19" branch="False" />
            <line number="579" hits="3" branch="False" />
            <line number="580" hits="3" branch="False" />
            <line number="581" hits="3" branch="False" />
            <line number="582" hits="22" branch="False" />
            <line number="585" hits="22" branch="False" />
            <line number="586" hits="22" branch="True" condition-coverage="100% (6/6)">
              <conditions>
                <condition number="8" type="jump" coverage="100%" />
                <condition number="20" type="jump" coverage="100%" />
                <condition number="35" type="jump" coverage="100%" />
              </conditions>
            </line>
            <line number="587" hits="2" branch="False" />
            <line number="588" hits="2" branch="False" />
            <line number="589" hits="2" branch="False" />
            <line number="590" hits="22" branch="False" />
            <line number="598" hits="0" branch="False" />
            <line number="599" hits="0" branch="True" condition-coverage="0% (0/2)">
              <conditions>
                <condition number="12" type="jump" coverage="0%" />
              </conditions>
            </line>
            <line number="600" hits="0" branch="False" />
            <line number="601" hits="0" branch="False" />
            <line number="602" hits="0" branch="False" />
            <line number="604" hits="0" branch="True" condition-coverage="0% (0/2)">
              <conditions>
                <condition number="40" type="jump" coverage="0%" />
              </conditions>
            </line>
            <line number="605" hits="0" branch="False" />
            <line number="606" hits="0" branch="False" />
            <line number="607" hits="0" branch="False" />
            <line number="609" hits="0" branch="True" condition-coverage="0% (0/2)">
              <conditions>
                <condition number="66" type="jump" coverage="0%" />
              </conditions>
            </line>
            <line number="610" hits="0" branch="False" />
            <line number="611" hits="0" branch="False" />
            <line number="612" hits="0" branch="False" />
            <line number="614" hits="0" branch="True" condition-coverage="0% (0/2)">
              <conditions>
                <condition number="106" type="jump" coverage="0%" />
              </conditions>
            </line>
            <line number="615" hits="0" branch="False" />
            <line number="616" hits="0" branch="False" />
            <line number="617" hits="0" branch="False" />
            <line number="618" hits="0" branch="False" />
            <line number="626" hits="1" branch="False" />
            <line number="627" hits="1" branch="True" condition-coverage="50% (1/2)">
              <conditions>
                <condition number="12" type="jump" coverage="50%" />
              </conditions>
            </line>
            <line number="628" hits="0" branch="False" />
            <line number="629" hits="0" branch="False" />
            <line number="630" hits="0" branch="False" />
            <line number="632" hits="1" branch="True" condition-coverage="50% (1/2)">
              <conditions>
                <condition number="45" type="jump" coverage="50%" />
              </conditions>
            </line>
            <line number="633" hits="0" branch="False" />
            <line number="634" hits="0" branch="False" />
            <line number="635" hits="0" branch="False" />
            <line number="637" hits="1" branch="True" condition-coverage="50% (1/2)">
              <conditions>
                <condition number="76" type="jump" coverage="50%" />
              </conditions>
            </line>
            <line number="638" hits="1" branch="False" />
            <line number="639" hits="1" branch="True" condition-coverage="50% (1/2)">
              <conditions>
                <condition number="87" type="jump" coverage="50%" />
              </conditions>
            </line>
            <line number="640" hits="1" branch="False" />
            <line number="642" hits="1" branch="False" />
            <line number="643" hits="1" branch="False" />
            <line number="646" hits="25" branch="False" />
            <line number="647" hits="25" branch="False" />
            <line number="648" hits="25" branch="False" />
            <line number="649" hits="25" branch="False" />
            <line number="650" hits="25" branch="False" />
            <line number="652" hits="25" branch="True" condition-coverage="100% (2/2)">
              <conditions>
                <condition number="100" type="jump" coverage="100%" />
              </conditions>
            </line>
            <line number="653" hits="16" branch="False" />
            <line number="654" hits="16" branch="False" />
            <line number="655" hits="16" branch="False" />
            <line number="656" hits="16" branch="False" />
            <line number="657" hits="16" branch="False" />
            <line number="658" hits="16" branch="False" />
            <line number="660" hits="25" branch="True" condition-coverage="100% (6/6)">
              <conditions>
                <condition number="187" type="jump" coverage="100%" />
                <condition number="199" type="jump" coverage="100%" />
                <condition number="214" type="jump" coverage="100%" />
              </conditions>
            </line>
            <line number="661" hits="17" branch="False" />
            <line number="662" hits="17" branch="False" />
            <line number="663" hits="17" branch="False" />
            <line number="664" hits="25" branch="False" />
            <line number="667" hits="0" branch="False" />
            <line number="668" hits="0" branch="True" condition-coverage="0% (0/2)">
              <conditions>
                <condition number="9" type="jump" coverage="0%" />
              </conditions>
            </line>
            <line number="669" hits="0" branch="False" />
            <line number="670" hits="0" branch="False" />
            <line number="673" hits="0" branch="True" condition-coverage="0% (0/2)">
              <conditions>
                <condition number="28" type="jump" coverage="0%" />
              </conditions>
            </line>
            <line number="674" hits="0" branch="False" />
            <line number="675" hits="0" branch="False" />
            <line number="678" hits="0" branch="True" condition-coverage="0% (0/2)">
              <conditions>
                <condition number="50" type="jump" coverage="0%" />
              </conditions>
            </line>
            <line number="679" hits="0" branch="False" />
            <line number="682" hits="0" branch="False" />
            <line number="683" hits="0" branch="True" condition-coverage="0% (0/6)">
              <conditions>
                <condition number="7" type="jump" coverage="0%" />
                <condition number="15" type="jump" coverage="0%" />
                <condition number="24" type="jump" coverage="0%" />
              </conditions>
            </line>
            <line number="684" hits="0" branch="False" />
            <line number="685" hits="0" branch="False" />
            <line number="686" hits="0" branch="False" />
            <line number="689" hits="0" branch="False" />
            <line number="690" hits="0" branch="True" condition-coverage="0% (0/4)">
              <conditions>
                <condition number="14" type="jump" coverage="0%" />
                <condition number="29" type="jump" coverage="0%" />
              </conditions>
            </line>
            <line number="691" hits="0" branch="False" />
            <line number="692" hits="0" branch="True" condition-coverage="0% (0/2)">
              <conditions>
                <condition number="47" type="jump" coverage="0%" />
              </conditions>
            </line>
            <line number="693" hits="0" branch="False" />
            <line number="694" hits="0" branch="True" condition-coverage="0% (0/4)">
              <conditions>
                <condition number="64" type="jump" coverage="0%" />
                <condition number="83" type="jump" coverage="0%" />
              </conditions>
            </line>
            <line number="695" hits="0" branch="False" />
            <line number="696" hits="0" branch="False" />
            <line number="699" hits="0" branch="True" condition-coverage="0% (0/4)">
              <conditions>
                <condition number="111" type="jump" coverage="0%" />
                <condition number="130" type="jump" coverage="0%" />
              </conditions>
            </line>
            <line number="700" hits="0" branch="False" />
            <line number="701" hits="0" branch="False" />
            <line number="703" hits="0" branch="False" />
            <line number="705" hits="0" branch="True" condition-coverage="0% (0/2)">
              <conditions>
                <condition number="153" type="jump" coverage="0%" />
              </conditions>
            </line>
            <line number="708" hits="0" branch="True" condition-coverage="0% (0/2)">
              <conditions>
                <condition number="176" type="jump" coverage="0%" />
              </conditions>
            </line>
            <line number="709" hits="0" branch="False" />
            <line number="26" hits="4" branch="False" />
            <line number="27" hits="4" branch="False" />
            <line number="28" hits="4" branch="False" />
            <line number="31" hits="26" branch="False" />
            <line number="32" hits="26" branch="False" />
            <line number="33" hits="26" branch="False" />
            <line number="21" hits="30" branch="False" />
            <line number="35" hits="30" branch="False" />
            <line number="36" hits="30" branch="False" />
            <line number="37" hits="30" branch="False" />
            <line number="38" hits="30" branch="False" />
            <line number="39" hits="30" branch="False" />
            <line number="40" hits="30" branch="False" />
            <line number="41" hits="30" branch="False" />
            <line number="42" hits="30" branch="False" />
            <line number="43" hits="30" branch="False" />
            <line number="44" hits="30" branch="False" />
            <line number="16" hits="1" branch="False" />
          </lines>
        </class>
        <class name="DJConnect.Windows.Services.DJConnectApiClient/VersionMismatchError" filename="Services/DJConnectApiClient.cs" line-rate="0" branch-rate="1" complexity="5">
          <methods>
            <method name="get_Error" signature="()" line-rate="0" branch-rate="1" complexity="1">
[...]
              <lines>
                <line number="8" hits="9" branch="False" />
              </lines>
            </method>
            <method name="get_HomeAssistantLocalUrl" signature="()" line-rate="1" branch-rate="1" complexity="1">
              <lines>
                <line number="9" hits="9" branch="False" />
              </lines>
            </method>
            <method name="get_HomeAssistantRemoteUrl" signature="()" line-rate="1" branch-rate="1" complexity="1">
              <lines>
                <line number="10" hits="9" branch="False" />
              </lines>
            </method>
            <method name="get_RemoteSupported" signature="()" line-rate="1" branch-rate="1" complexity="1">
              <lines>
                <line number="11" hits="1" branch="False" />
              </lines>
            </method>
            <method name="get_MusicBackendRevision" signature="()" line-rate="1" branch-rate="1" complexity="1">
              <lines>
                <line number="12" hits="9" branch="False" />
              </lines>
            </method>
            <method name="get_InstallId" signature="()" line-rate="1" branch-rate="1" complexity="1">
              <lines>
                <line number="13" hits="9" branch="False" />
              </lines>
            </method>
            <method name="get_DeviceName" signature="()" line-rate="1" branch-rate="1" complexity="1">
              <lines>
                <line number="14" hits="9" branch="False" />
              </lines>
            </method>
            <method name="get_Language" signature="()" line-rate="1" branch-rate="1" complexity="1">
              <lines>
                <line number="15" hits="9" branch="False" />
              </lines>
            </method>
            <method name="get_LogLevel" signature="()" line-rate="1" branch-rate="1" complexity="1">
              <lines>
                <line number="16" hits="10" branch="False" />
              </lines>
            </method>
            <method name="get_IsDemoMode" signature="()" line-rate="1" branch-rate="1" complexity="1">
              <lines>
                <line number="17" hits="2" branch="False" />
              </lines>
            </method>
            <method name="get_DJConnectWelcomeSeen" signature="()" line-rate="1" branch-rate="1" complexity="1">
              <lines>
                <line number="18" hits="2" branch="False" />
              </lines>
            </method>
            <method name="get_HasCompletedOnboarding" signature="()" line-rate="1" branch-rate="1" complexity="1">
              <lines>
                <line number="19" hits="2" branch="False" />
              </lines>
            </method>
            <method name="get_LastSeenAppVersion" signature="()" line-rate="1" branch-rate="1" complexity="1">
              <lines>
                <line number="20" hits="10" branch="False" />
              </lines>
            </method>
            <method name="get_HasCleanShutdownState" signature="()" line-rate="1" branch-rate="1" complexity="1">
              <lines>
                <line number="21" hits="2" branch="False" />
              </lines>
            </method>
            <method name="get_CleanShutdown" signature="()" line-rate="1" branch-rate="1" complexity="1">
              <lines>
                <line number="22" hits="10" branch="False" />
              </lines>
            </method>
            <method name="get_CrashPromptPending" signature="()" line-rate="1" branch-rate="1" complexity="1">
              <lines>
                <line number="23" hits="2" branch="False" />
              </lines>
            </method>
            <method name="get_WakewordEnabled" signature="()" line-rate="1" branch-rate="1" complexity="1">
              <lines>
                <line number="24" hits="2" branch="False" />
              </lines>
            </method>
            <method name="get_WakewordPromptDismissed" signature="()" line-rate="1" branch-rate="1" complexity="1">
              <lines>
                <line number="25" hits="2" branch="False" />
              </lines>
            </method>
            <method name="get_WakePhrase" signature="()" line-rate="1" branch-rate="1" complexity="1">
              <lines>
                <line number="26" hits="10" branch="False" />
              </lines>
            </method>
            <method name="get_DJAnnouncementOutput" signature="()" line-rate="1" branch-rate="1" complexity="1">
              <lines>
                <line number="27" hits="9" branch="False" />
              </lines>
            </method>
            <method name="get_PermissionExplanationMicrophoneSeen" signature="()" line-rate="1" branch-rate="1" complexity="1">
              <lines>
                <line number="29" hits="3" branch="False" />
              </lines>
            </method>
            <method name="get_PermissionExplanationNotificationsSeen" signature="()" line-rate="1" branch-rate="1" complexity="1">
              <lines>
                <line number="32" hits="3" branch="False" />
              </lines>
            </method>
            <method name="get_PermissionExplanationLocalNetworkSeen" signature="()" line-rate="1" branch-rate="1" complexity="1">
              <lines>
                <line number="35" hits="3" branch="False" />
              </lines>
            </method>
            <method name="get_PairingCode" signature="()" line-rate="1" branch-rate="1" complexity="1">
              <lines>
                <line number="36" hits="10" branch="False" />
              </lines>
            </method>
            <method name="get_HistoryRevision" signature="()" line-rate="1" branch-rate="1" complexity="1">
              <lines>
                <line number="37" hits="1" branch="False" />
              </lines>
            </method>
            <method name="get_ClearRevision" signature="()" line-rate="1" branch-rate="1" complexity="1">
              <lines>
                <line number="38" hits="1" branch="False" />
              </lines>
            </method>
            <method name="get_DiagnosticLogLines" signature="()" line-rate="1" branch-rate="1" complexity="1">
              <lines>
                <line number="39" hits="10" branch="False" />
              </lines>
            </method>
          </methods>
          <lines>
            <line number="8" hits="9" branch="False" />
            <line number="9" hits="9" branch="False" />
            <line number="10" hits="9" branch="False" />
            <line number="11" hits="1" branch="False" />
            <line number="12" hits="9" branch="False" />
            <line number="13" hits="9" branch="False" />
            <line number="14" hits="9" branch="False" />
            <line number="15" hits="9" branch="False" />
            <line number="16" hits="10" branch="False" />
            <line number="17" hits="2" branch="False" />
            <line number="18" hits="2" branch="False" />
            <line number="19" hits="2" branch="False" />
            <line number="20" hits="10" branch="False" />
            <line number="21" hits="2" branch="False" />
            <line number="22" hits="10" branch="False" />
            <line number="23" hits="2" branch="False" />
            <line number="24" hits="2" branch="False" />
            <line number="25" hits="2" branch="False" />
            <line number="26" hits="10" branch="False" />
            <line number="27" hits="9" branch="False" />
            <line number="29" hits="3" branch="False" />
            <line number="32" hits="3" branch="False" />
            <line number="35" hits="3" branch="False" />
            <line number="36" hits="10" branch="False" />
            <line number="37" hits="1" branch="False" />
            <line number="38" hits="1" branch="False" />
            <line number="39" hits="10" branch="False" />
          </lines>
        </class>
        <class name="DJConnect.Windows.Models.ClientIdentity" filename="Models/ClientIdentity.cs" line-rate="0.8421" branch-rate="0.8332999999999999" complexity="8">
          <methods>
            <method name="get_InstallId" signature="()" line-rate="1" branch-rate="1" complexity="1">
              <lines>
                <line number="6" hits="137" branch="False" />
              </lines>
            </method>
            <method name="CreateInstallId" signature="()" line-rate="0" branch-rate="1" complexity="1">
              <lines>
                <line number="9" hits="0" branch="False" />
                <line number="10" hits="0" branch="False" />
                <line number="11" hits="0" branch="False" />
              </lines>
            </method>
            <method name="CreateOrLoad" signature="(System.String,System.String)" line-rate="1" branch-rate="0.8332999999999999" complexity="6">
              <lines>
                <line number="14" hits="27" branch="False" />
                <line number="15" hits="27" branch="True" condition-coverage="50% (1/2)">
                  <conditions>
                    <condition number="7" type="jump" coverage="50%" />
                  </conditions>
                </line>
                <line number="16" hits="27" branch="False" />
                <line number="17" hits="27" branch="False" />
                <line number="18" hits="27" branch="False" />
                <line number="19" hits="27" branch="True" condition-coverage="100% (2/2)">
                  <conditions>
                    <condition number="91" type="jump" coverage="100%" />
                  </conditions>
                </line>
                <line number="20" hits="1" branch="False" />
                <line number="21" hits="1" branch="False" />
                <line number="22" hits="1" branch="False" />
                <line number="24" hits="27" branch="True" condition-coverage="100% (2/2)">
                  <conditions>
                    <condition number="133" type="jump" coverage="100%" />
                  </conditions>
                </line>
                <line number="25" hits="27" branch="False" />
                <line number="26" hits="27" branch="False" />
                <line number="27" hits="27" branch="False" />
                <line number="28" hits="27" branch="False" />
                <line number="29" hits="27" branch="False" />
              </lines>
            </method>
          </methods>
          <lines>
            <line number="6" hits="137" branch="False" />
            <line number="9" hits="0" branch="False" />
            <line number="10" hits="0" branch="False" />
            <line number="11" hits="0" branch="False" />
            <line number="14" hits="27" branch="False" />
            <line number="15" hits="27" branch="True" condition-coverage="50% (1/2)">
              <conditions>
                <condition number="7" type="jump" coverage="50%" />
              </conditions>
            </line>
            <line number="16" hits="27" branch="False" />
            <line number="17" hits="27" branch="False" />
            <line number="18" hits="27" branch="False" />
            <line number="19" hits="27" branch="True" condition-coverage="100% (2/2)">
              <conditions>
                <condition number="91" type="jump" coverage="100%" />
              </conditions>
            </line>
            <line number="20" hits="1" branch="False" />
            <line number="21" hits="1" branch="False" />
            <line number="22" hits="1" branch="False" />
            <line number="24" hits="27" branch="True" condition-coverage="100% (2/2)">
              <conditions>
                <condition number="133" type="jump" coverage="100%" />
              </conditions>
            </line>
            <line number="25" hits="27" branch="False" />
            <line number="26" hits="27" branch="False" />
            <line number="27" hits="27" branch="False" />
            <line number="28" hits="27" branch="False" />
            <line number="29" hits="27" branch="False" />
          </lines>
        </class>
        <class name="DJConnect.Windows.Models.VersionCompatibilityResult" filename="Models/VersionCompatibility.cs" line-rate="1" branch-rate="1" complexity="1">
          <methods>
            <method name="get_IsCompatible" signature="()" line-rate="1" branch-rate="1" complexity="1">
              <lines>
                <line number="5" hits="12" branch="False" />
              </lines>
            </method>
          </methods>
          <lines>
            <line number="5" hits="12" branch="False" />
          </lines>
        </class>
        <class name="DJConnect.Windows.Models.VersionCompatibility" filename="Models/VersionCompatibility.cs" line-rate="0.9259000000000001" branch-rate="0.7726999999999999" complexity="22">
          <methods>
            <method name="Evaluate" signature="(System.String,System.String,System.String,System.Boolean,System.String)" line-rate="1" branch-rate="0.8571" complexity="14">
              <lines>
                <line number="15" hits="5" branch="False" />
                <line number="16" hits="5" branch="True" condition-coverage="50% (1/2)">
                  <conditions>
                    <condition number="8" type="jump" coverage="50%" />
                  </conditions>
                </line>
                <line number="17" hits="5" branch="True" condition-coverage="100% (2/2)">
                  <conditions>
                    <condition number="24" type="jump" coverage="100%" />
                  </conditions>
                </line>
                <line number="19" hits="5" branch="True" condition-coverage="100% (2/2)">
                  <conditions>
                    <condition number="48" type="jump" coverage="100%" />
                  </conditions>
                </line>
                <line number="20" hits="1" branch="False" />
                <line number="21" hits="1" branch="False" />
                <line number="24" hits="4" branch="True" condition-coverage="100% (4/4)">
                  <conditions>
                    <condition number="63" type="jump" coverage="100%" />
                    <condition number="85" type="jump" coverage="100%" />
                  </conditions>
                </line>
                <line number="25" hits="1" branch="False" />
                <line number="26" hits="1" branch="False" />
                <line number="29" hits="3" branch="True" condition-coverage="75% (3/4)">
                  <conditions>
                    <condition number="105" type="jump" coverage="50%" />
                    <condition number="125" type="jump" coverage="100%" />
                  </conditions>
                </line>
                <line number="30" hits="3" branch="False" />
                <line number="31" hits="2" branch="False" />
                <line number="32" hits="2" branch="False" />
                <line number="35" hits="1" branch="False" />
                <line number="36" hits="5" branch="False" />
              </lines>
            </method>
            <method name="ParseMajorMinor" signature="(System.String)" line-rate="0.8332999999999999" branch-rate="0.625" complexity="8">
              <lines>
                <line number="39" hits="14" branch="False" />
                <line number="40" hits="14" branch="True" condition-coverage="100% (2/2)">
                  <conditions>
                    <condition number="9" type="jump" coverage="100%" />
                  </conditions>
                </line>
                <line number="41" hits="4" branch="False" />
                <line number="42" hits="4" branch="False" />
                <line number="45" hits="10" branch="False" />
                <line number="46" hits="10" branch="True" condition-coverage="50% (1/2)">
                  <conditions>
                    <condition number="42" type="jump" coverage="50%" />
                  </conditions>
                </line>
                <line number="47" hits="0" branch="False" />
                <line number="48" hits="0" branch="False" />
                <line number="51" hits="10" branch="True" condition-coverage="50% (2/4)">
                  <conditions>
                    <condition number="60" type="jump" coverage="50%" />
                    <condition number="72" type="jump" coverage="50%" />
                  </conditions>
                </line>
                <line number="52" hits="10" branch="False" />
                <line number="53" hits="10" branch="False" />
                <line number="54" hits="14" branch="False" />
              </lines>
            </method>
          </methods>
          <lines>
            <line number="15" hits="5" branch="False" />
            <line number="16" hits="5" branch="True" condition-coverage="50% (1/2)">
              <conditions>
                <condition number="8" type="jump" coverage="50%" />
              </conditions>
            </line>
            <line number="17" hits="5" branch="True" condition-coverage="100% (2/2)">
              <conditions>
                <condition number="24" type="jump" coverage="100%" />
              </conditions>
            </line>
            <line number="19" hits="5" branch="True" condition-coverage="100% (2/2)">
              <conditions>
                <condition number="48" type="jump" coverage="100%" />
              </conditions>
            </line>
            <line number="20" hits="1" branch="False" />
            <line number="21" hits="1" branch="False" />
            <line number="24" hits="4" branch="True" condition-coverage="100% (4/4)">
              <conditions>
                <condition number="63" type="jump" coverage="100%" />
                <condition number="85" type="jump" coverage="100%" />
              </conditions>
            </line>
            <line number="25" hits="1" branch="False" />
            <line number="26" hits="1" branch="False" />
            <line number="29" hits="3" branch="True" condition-coverage="75% (3/4)">
              <conditions>
                <condition number="105" type="jump" coverage="50%" />
                <condition number="125" type="jump" coverage="100%" />
              </conditions>
            </line>
            <line number="30" hits="3" branch="False" />
            <line number="31" hits="2" branch="False" />
            <line number="32" hits="2" branch="False" />
            <line number="35" hits="1" branch="False" />
            <line number="36" hits="5" branch="False" />
            <line number="39" hits="14" branch="False" />
            <line number="40" hits="14" branch="True" condition-coverage="100% (2/2)">
              <conditions>
                <condition number="9" type="jump" coverage="100%" />
              </conditions>
            </line>
            <line number="41" hits="4" branch="False" />
            <line number="42" hits="4" branch="False" />
            <line number="45" hits="10" branch="False" />
            <line number="46" hits="10" branch="True" condition-coverage="50% (1/2)">
              <conditions>
                <condition number="42" type="jump" coverage="50%" />
              </conditions>
            </line>
            <line number="47" hits="0" branch="False" />
            <line number="48" hits="0" branch="False" />
            <line number="51" hits="10" branch="True" condition-coverage="50% (2/4)">
              <conditions>
                <condition number="60" type="jump" coverage="50%" />
                <condition number="72" type="jump" coverage="50%" />
              </conditions>
            </line>
            <line number="52" hits="10" branch="False" />
            <line number="53" hits="10" branch="False" />
            <line number="54" hits="14" branch="False" />
          </lines>
        </class>
      </classes>
    </package>
  </packages>
</coverage>